#TYPE System.IO.FileInfo
"PSPath","PSParentPath","PSChildName","PSDrive","PSProvider","PSIsContainer","Mode","VersionInfo","BaseName","Target","LinkType","Name","Length","DirectoryName","Directory","IsReadOnly","Exists","FullName","Extension","CreationTime","CreationTimeUtc","LastAccessTime","LastAccessTimeUtc","LastWriteTime","LastWriteTimeUtc","Attributes"
"Microsoft.PowerShell.Core\FileSystem::C:\Users\Michael\SYS-320-02\week01\firstfile.ps1","Microsoft.PowerShell.Core\FileSystem::C:\Users\Michael\SYS-320-02\week01","firstfile.ps1","C","Microsoft.PowerShell.Core\FileSystem","False","-a----","File:             C:\Users\Michael\SYS-320-02\week01\firstfile.ps1
InternalName:     
OriginalFilename: 
FileVersion:      
FileDescription:  
Product:          
ProductVersion:   
Debug:            False
Patched:          False
PreRelease:       False
PrivateBuild:     False
SpecialBuild:     False
Language:         
","firstfile","System.Collections.Generic.List`1[System.String]",,"firstfile.ps1","22","C:\Users\Michael\SYS-320-02\week01","C:\Users\Michael\SYS-320-02\week01","False","True","C:\Users\Michael\SYS-320-02\week01\firstfile.ps1",".ps1","9/3/2025 2:21:57 PM","9/3/2025 6:21:57 PM","9/3/2025 2:22:30 PM","9/3/2025 6:22:30 PM","9/3/2025 2:22:30 PM","9/3/2025 6:22:30 PM","Archive"
"Microsoft.PowerShell.Core\FileSystem::C:\Users\Michael\SYS-320-02\week01\Get-DHCP-Server-IP.ps1","Microsoft.PowerShell.Core\FileSystem::C:\Users\Michael\SYS-320-02\week01","Get-DHCP-Server-IP.ps1","C","Microsoft.PowerShell.Core\FileSystem","False","-a----","File:             C:\Users\Michael\SYS-320-02\week01\Get-DHCP-Server-IP.ps1
InternalName:     
OriginalFilename: 
FileVersion:      
FileDescription:  
Product:          
ProductVersion:   
Debug:            False
Patched:          False
PreRelease:       False
PrivateBuild:     False
SpecialBuild:     False
Language:         
","Get-DHCP-Server-IP","System.Collections.Generic.List`1[System.String]",,"Get-DHCP-Server-IP.ps1","170","C:\Users\Michael\SYS-320-02\week01","C:\Users\Michael\SYS-320-02\week01","False","True","C:\Users\Michael\SYS-320-02\week01\Get-DHCP-Server-IP.ps1",".ps1","9/9/2025 12:09:01 PM","9/9/2025 4:09:01 PM","9/9/2025 12:09:01 PM","9/9/2025 4:09:01 PM","9/9/2025 12:09:01 PM","9/9/2025 4:09:01 PM","Archive"
"Microsoft.PowerShell.Core\FileSystem::C:\Users\Michael\SYS-320-02\week01\Get-DNS-Server-IP.ps1","Microsoft.PowerShell.Core\FileSystem::C:\Users\Michael\SYS-320-02\week01","Get-DNS-Server-IP.ps1","C","Microsoft.PowerShell.Core\FileSystem","False","-a----","File:             C:\Users\Michael\SYS-320-02\week01\Get-DNS-Server-IP.ps1
InternalName:     
OriginalFilename: 
FileVersion:      
FileDescription:  
Product:          
ProductVersion:   
Debug:            False
Patched:          False
PreRelease:       False
PrivateBuild:     False
SpecialBuild:     False
Language:         
","Get-DNS-Server-IP","System.Collections.Generic.List`1[System.String]",,"Get-DNS-Server-IP.ps1","178","C:\Users\Michael\SYS-320-02\week01","C:\Users\Michael\SYS-320-02\week01","False","True","C:\Users\Michael\SYS-320-02\week01\Get-DNS-Server-IP.ps1",".ps1","9/9/2025 12:10:58 PM","9/9/2025 4:10:58 PM","9/9/2025 12:10:58 PM","9/9/2025 4:10:58 PM","9/9/2025 12:10:58 PM","9/9/2025 4:10:58 PM","Archive"
"Microsoft.PowerShell.Core\FileSystem::C:\Users\Michael\SYS-320-02\week01\Outfolder-creation-verification.ps1","Microsoft.PowerShell.Core\FileSystem::C:\Users\Michael\SYS-320-02\week01","Outfolder-creation-verification.ps1","C","Microsoft.PowerShell.Core\FileSystem","False","-a----","File:             C:\Users\Michael\SYS-320-02\week01\Outfolder-creation-verification.ps1
InternalName:     
OriginalFilename: 
FileVersion:      
FileDescription:  
Product:          
ProductVersion:   
Debug:            False
Patched:          False
PreRelease:       False
PrivateBuild:     False
SpecialBuild:     False
Language:         
","Outfolder-creation-verification","System.Collections.Generic.List`1[System.String]",,"Outfolder-creation-verification.ps1","212","C:\Users\Michael\SYS-320-02\week01","C:\Users\Michael\SYS-320-02\week01","False","True","C:\Users\Michael\SYS-320-02\week01\Outfolder-creation-verification.ps1",".ps1","9/9/2025 12:21:39 PM","9/9/2025 4:21:39 PM","9/9/2025 12:21:39 PM","9/9/2025 4:21:39 PM","9/9/2025 12:21:39 PM","9/9/2025 4:21:39 PM","Archive"
"Microsoft.PowerShell.Core\FileSystem::C:\Users\Michael\SYS-320-02\week01\Outfolder-csv creation.ps1","Microsoft.PowerShell.Core\FileSystem::C:\Users\Michael\SYS-320-02\week01","Outfolder-csv creation.ps1","C","Microsoft.PowerShell.Core\FileSystem","False","-a----","File:             C:\Users\Michael\SYS-320-02\week01\Outfolder-csv creation.ps1
InternalName:     
OriginalFilename: 
FileVersion:      
FileDescription:  
Product:          
ProductVersion:   
Debug:            False
Patched:          False
PreRelease:       False
PrivateBuild:     False
SpecialBuild:     False
Language:         
","Outfolder-csv creation","System.Collections.Generic.List`1[System.String]",,"Outfolder-csv creation.ps1","304","C:\Users\Michael\SYS-320-02\week01","C:\Users\Michael\SYS-320-02\week01","False","True","C:\Users\Michael\SYS-320-02\week01\Outfolder-csv creation.ps1",".ps1","9/9/2025 1:01:39 PM","9/9/2025 5:01:39 PM","9/9/2025 1:02:54 PM","9/9/2025 5:02:54 PM","9/9/2025 1:02:54 PM","9/9/2025 5:02:54 PM","Archive"
"Microsoft.PowerShell.Core\FileSystem::C:\Users\Michael\SYS-320-02\week01\Test.01.ps1","Microsoft.PowerShell.Core\FileSystem::C:\Users\Michael\SYS-320-02\week01","Test.01.ps1","C","Microsoft.PowerShell.Core\FileSystem","False","-a----","File:             C:\Users\Michael\SYS-320-02\week01\Test.01.ps1
InternalName:     
OriginalFilename: 
FileVersion:      
FileDescription:  
Product:          
ProductVersion:   
Debug:            False
Patched:          False
PreRelease:       False
PrivateBuild:     False
SpecialBuild:     False
Language:         
","Test.01","System.Collections.Generic.List`1[System.String]",,"Test.01.ps1","304","C:\Users\Michael\SYS-320-02\week01","C:\Users\Michael\SYS-320-02\week01","False","True","C:\Users\Michael\SYS-320-02\week01\Test.01.ps1",".ps1","9/9/2025 1:01:39 PM","9/9/2025 5:01:39 PM","9/9/2025 1:03:49 PM","9/9/2025 5:03:49 PM","9/9/2025 1:03:49 PM","9/9/2025 5:03:49 PM","Archive"
"Microsoft.PowerShell.Core\FileSystem::C:\Users\Michael\SYS-320-02\week01\Win32-class-Alphabetical.ps1","Microsoft.PowerShell.Core\FileSystem::C:\Users\Michael\SYS-320-02\week01","Win32-class-Alphabetical.ps1","C","Microsoft.PowerShell.Core\FileSystem","False","-a----","File:             C:\Users\Michael\SYS-320-02\week01\Win32-class-Alphabetical.ps1
InternalName:     
OriginalFilename: 
FileVersion:      
FileDescription:  
Product:          
ProductVersion:   
Debug:            False
Patched:          False
PreRelease:       False
PrivateBuild:     False
SpecialBuild:     False
Language:         
","Win32-class-Alphabetical","System.Collections.Generic.List`1[System.String]",,"Win32-class-Alphabetical.ps1","175","C:\Users\Michael\SYS-320-02\week01","C:\Users\Michael\SYS-320-02\week01","False","True","C:\Users\Michael\SYS-320-02\week01\Win32-class-Alphabetical.ps1",".ps1","9/9/2025 12:02:07 PM","9/9/2025 4:02:07 PM","9/9/2025 12:06:11 PM","9/9/2025 4:06:11 PM","9/9/2025 12:06:11 PM","9/9/2025 4:06:11 PM","Archive"
"Microsoft.PowerShell.Core\FileSystem::C:\Users\Michael\SYS-320-02\week01\Working-Directory-List.ps1","Microsoft.PowerShell.Core\FileSystem::C:\Users\Michael\SYS-320-02\week01","Working-Directory-List.ps1","C","Microsoft.PowerShell.Core\FileSystem","False","-a----","File:             C:\Users\Michael\SYS-320-02\week01\Working-Directory-List.ps1
InternalName:     
OriginalFilename: 
FileVersion:      
FileDescription:  
Product:          
ProductVersion:   
Debug:            False
Patched:          False
PreRelease:       False
PrivateBuild:     False
SpecialBuild:     False
Language:         
","Working-Directory-List","System.Collections.Generic.List`1[System.String]",,"Working-Directory-List.ps1","263","C:\Users\Michael\SYS-320-02\week01","C:\Users\Michael\SYS-320-02\week01","False","True","C:\Users\Michael\SYS-320-02\week01\Working-Directory-List.ps1",".ps1","9/9/2025 12:15:29 PM","9/9/2025 4:15:29 PM","9/9/2025 12:29:34 PM","9/9/2025 4:29:34 PM","9/9/2025 12:29:34 PM","9/9/2025 4:29:34 PM","Archive"
